0:100  0:100  MemLog inited, TSC freq: 2800099311
0:100  0:000  CPU was calibrated with ACPI PM Timer
0:100  0:000  LegacyRegion2: Chipset/proc: 0x34058086
0:100  0:000   Core i7 processors (PAM 0x40-0x47)
0:100  0:000   Test PAM1=(0x41=11, 0x5a=00, 0x81=0D, 0x91=21) at chipset 34058086
0:100  0:000  , Install = Success
0:112  0:012  BiosVideoDriverBindingStart!
0:112  0:000  BiosVideoCheckForVbe
0:112  0:000  EdidOverride not found
0:352  0:239   Edid1-
0:592  0:239   Edid0-
0:644  0:052     0 640x480 attr=3BF - ok, 640x480, working, highest, pref=0
0:646  0:001     1 800x600 attr=3BF - ok, 800x600, working, highest, pref=1
0:647  0:001     2 1024x768 attr=3BF - ok, 1024x768, working, highest, pref=2
0:649  0:001     3 1280x1024 attr=3BF - ok
0:658  0:008     4 1280x800 attr=3BF - ok
0:660  0:002     5 1600x900 attr=3BF - ok
0:662  0:001     6 1680x1050 attr=3BF - ok
0:663  0:001     7 1280x720 attr=3BF - ok
0:663  0:000  BV new mode: 2 1024x768
0:995  0:332   SetMode pref 2 (2) = Success
2:559  1:563  
2:559  0:000  Now is 17.3.2019,  14:29:25 (GMT)
2:559  0:000  Starting Clover revision: 4895 on CLOVER EFI
2:559  0:000  Build with: [Args: -nb -mc --no-usb -D NO_GRUB_DRIVERS_EMBEDDED | -D DISABLE_USB_SUPPORT -D NO_GRUB_DRIVERS_EMBEDDED -D USE_BIOS_BLOCKIO -D USE_LOW_EBDA -D HAVE_LEGACY_EMURUNTIMEDXE -a X64 -b RELEASE -t XCODE8 -n 5 | OS: 10.13.6 | XCODE: 10.1]
2:559  0:000  SelfDevicePath=PcieRoot(0x0)\Pci(0x1F,0x2)\Sata(0x1,0x0,0x0)\HD(1,GPT,7C4C844B-277E-4616-B49A-8B671F5E00A1,0x28,0x64000) @DE6CCE98
2:559  0:000  SelfDirPath = \EFI\CLOVER
2:580  0:020  === [ Get Smbios ] ========================================
2:580  0:000  Type 16 Index = 0
2:580  0:000  Total Memory Slots Count = 6
2:580  0:000  Type 17 Index = 0
2:580  0:000  SmbiosTable.Type17->Speed = 1600MHz
2:580  0:000  SmbiosTable.Type17->Size = 4096MB
2:580  0:000  SmbiosTable.Type17->Bank/Device =  DIMM 1          
2:580  0:000  SmbiosTable.Type17->Vendor = 04CD000004CD    
2:580  0:000  SmbiosTable.Type17->SerialNumber = 00000000
2:580  0:000  SmbiosTable.Type17->PartNumber = F3-1600C9-4GAB    
2:580  0:000  Type 17 Index = 1
2:580  0:000  SmbiosTable.Type17->Speed = 1600MHz
2:580  0:000  SmbiosTable.Type17->Size = 4096MB
2:580  0:000  SmbiosTable.Type17->Bank/Device =  DIMM 2          
2:580  0:000  SmbiosTable.Type17->Vendor = 04CD000004CD    
2:580  0:000  SmbiosTable.Type17->SerialNumber = 00000000
2:580  0:000  SmbiosTable.Type17->PartNumber = F3-1600C9-4GAB    
2:580  0:000  Type 17 Index = 2
2:580  0:000  Ignoring insane frequency value 0MHz
2:580  0:000  SmbiosTable.Type17->Speed = 0MHz
2:580  0:000  SmbiosTable.Type17->Size = 0MB
2:580  0:000  SmbiosTable.Type17->Bank/Device =  DIMM 3          
2:580  0:000  SmbiosTable.Type17->Vendor = <null string>
2:580  0:000  SmbiosTable.Type17->SerialNumber = <null string>
2:580  0:000  SmbiosTable.Type17->PartNumber = <null string>
2:580  0:000  Type 17 Index = 3
2:580  0:000  Ignoring insane frequency value 0MHz
2:580  0:000  SmbiosTable.Type17->Speed = 0MHz
2:580  0:000  SmbiosTable.Type17->Size = 0MB
2:580  0:000  SmbiosTable.Type17->Bank/Device =  DIMM 4          
2:580  0:000  SmbiosTable.Type17->Vendor = <null string>
2:580  0:000  SmbiosTable.Type17->SerialNumber = <null string>
2:580  0:000  SmbiosTable.Type17->PartNumber = <null string>
2:580  0:000  Type 17 Index = 4
2:580  0:000  Ignoring insane frequency value 0MHz
2:580  0:000  SmbiosTable.Type17->Speed = 0MHz
2:580  0:000  SmbiosTable.Type17->Size = 0MB
2:580  0:000  SmbiosTable.Type17->Bank/Device =  DIMM 5          
2:580  0:000  SmbiosTable.Type17->Vendor = <null string>
2:580  0:000  SmbiosTable.Type17->SerialNumber = <null string>
2:580  0:000  SmbiosTable.Type17->PartNumber = <null string>
2:580  0:000  Type 17 Index = 5
2:580  0:000  Ignoring insane frequency value 0MHz
2:580  0:000  SmbiosTable.Type17->Speed = 0MHz
2:580  0:000  SmbiosTable.Type17->Size = 0MB
2:580  0:000  SmbiosTable.Type17->Bank/Device =  DIMM 6          
2:580  0:000  SmbiosTable.Type17->Vendor = <null string>
2:580  0:000  SmbiosTable.Type17->SerialNumber = <null string>
2:580  0:000  SmbiosTable.Type17->PartNumber = <null string>
2:580  0:000  Boot status=3
2:580  0:000  Running on: 'Precision WorkStation T3500 ' with board '09KPNV'
2:580  0:000  === [ GetCPUProperties ] ==================================
2:580  0:000  CPU Vendor = 756E6547 Model=106A5
2:580  0:000   The CPU supported SSE4.1
2:580  0:000  BrandString = Intel(R) Xeon(R) CPU           W3530  @ 2.80GHz
2:580  0:000   The CPU not supported turbo
2:580  0:000  MSR 0x35               40004
2:580  0:000  FSBFrequency = 134 MHz, DMI FSBFrequency = 4800 MHz, Corrected FSBFrequency = 133 MHz
2:580  0:000  Found QCLK_RATIO at bus 0x3F dev=3 funs=4
2:580  0:000  qpi read from PCI 19
2:580  0:000  qpimult 25
2:580  0:000  qpibusspeed 6666650kHz
2:580  0:000  MaxDiv/MinDiv: 21.0/12
2:580  0:000  Turbo: 0/0/0/0
2:580  0:000  Features: 0xBFEBFBFF
2:580  0:000  Threads: 4
2:580  0:000  Cores: 4
2:580  0:000  FSB: 133 MHz
2:580  0:000  CPU: 2800 MHz
2:580  0:000  TSC: 2800 MHz
2:580  0:000  PIS: 6666 MHz
2:580  0:000  ExternalClock: 133 MHz
2:580  0:000  === [ GetDevices ] ========================================
2:580  0:000  PCI (00|00:00.00) : 8086 3405 class=060000
2:580  0:000  PCI (00|00:01.00) : 8086 3408 class=060400
2:580  0:000  PCI (00|00:03.00) : 8086 340A class=060400
2:580  0:000  PCI (00|02:00.00) : 10DE 05FE class=030000
2:580  0:000   - GFX: Model=nVidia Quadro FX 4800 family A0 (Nvidia)
2:580  0:000  PCI (00|00:07.00) : 8086 340E class=060400
2:580  0:000  PCI (00|00:14.00) : 8086 342E class=080000
2:580  0:000  PCI (00|00:14.01) : 8086 3422 class=080000
2:580  0:000  PCI (00|00:14.02) : 8086 3423 class=080000
2:580  0:000  PCI (00|00:1A.00) : 8086 3A37 class=0C0300
2:580  0:000  PCI (00|00:1A.01) : 8086 3A38 class=0C0300
2:580  0:000  PCI (00|00:1A.02) : 8086 3A39 class=0C0300
2:580  0:000  PCI (00|00:1A.07) : 8086 3A3C class=0C0320
2:580  0:000  PCI (00|00:1B.00) : 8086 3A3E class=040300
2:580  0:000  PCI (00|00:1C.00) : 8086 3A40 class=060400
2:580  0:000  PCI (00|00:1C.05) : 8086 3A4A class=060400
2:580  0:000  PCI (00|05:00.00) : 14E4 1681 class=020000
2:580  0:000   - LAN: 0 Vendor=Broadcom
2:580  0:000  PCI (00|00:1D.00) : 8086 3A34 class=0C0300
2:580  0:000  PCI (00|00:1D.01) : 8086 3A35 class=0C0300
2:580  0:000  PCI (00|00:1D.02) : 8086 3A36 class=0C0300
2:581  0:000  PCI (00|00:1D.07) : 8086 3A3A class=0C0320
2:581  0:000  PCI (00|00:1E.00) : 8086 244E class=060401
2:581  0:000  PCI (00|00:1F.00) : 8086 3A16 class=060100
2:581  0:000  PCI (00|00:1F.02) : 8086 3A22 class=010601
2:581  0:000  PCI (00|00:1F.03) : 8086 3A30 class=0C0500
2:581  0:000  PCI (00|3F:00.00) : 8086 2C41 class=060000
2:581  0:000  PCI (00|3F:00.01) : 8086 2C01 class=060000
2:581  0:000  PCI (00|3F:02.00) : 8086 2C10 class=060000
2:581  0:000  PCI (00|3F:02.01) : 8086 2C11 class=060000
2:581  0:000  PCI (00|3F:03.00) : 8086 2C18 class=060000
2:581  0:000  PCI (00|3F:03.01) : 8086 2C19 class=060000
2:581  0:000  PCI (00|3F:03.04) : 8086 2C1C class=060000
2:581  0:000  PCI (00|3F:04.00) : 8086 2C20 class=060000
2:581  0:000  PCI (00|3F:04.01) : 8086 2C21 class=060000
2:581  0:000  PCI (00|3F:04.02) : 8086 2C22 class=060000
2:581  0:000  PCI (00|3F:04.03) : 8086 2C23 class=060000
2:581  0:000  PCI (00|3F:05.00) : 8086 2C28 class=060000
2:581  0:000  PCI (00|3F:05.01) : 8086 2C29 class=060000
2:581  0:000  PCI (00|3F:05.02) : 8086 2C2A class=060000
2:581  0:000  PCI (00|3F:05.03) : 8086 2C2B class=060000
2:581  0:000  PCI (00|3F:06.00) : 8086 2C30 class=060000
2:581  0:000  PCI (00|3F:06.01) : 8086 2C31 class=060000
2:581  0:000  PCI (00|3F:06.02) : 8086 2C32 class=060000
2:581  0:000  PCI (00|3F:06.03) : 8086 2C33 class=060000
2:581  0:000  === [ GetDefaultSettings ] ================================
2:581  0:000  Clover load options size = 0 bytes
2:591  0:010  EFI\CLOVER\config.plist loaded: Success
2:597  0:005  === [ GetListOfThemes ] ===================================
2:603  0:006  - [00]: random
2:603  0:000  - [00]: embedded
2:616  0:012  === [ Found config plists ] ===============================
2:616  0:000  - config.plist
2:616  0:000  === [ GetEarlyUserSettings ] ==============================
2:616  0:000  timeout set to 5
2:616  0:000  Custom boot CUSTOM_BOOT_DISABLED (0x0)
2:616  0:000  FakeCPUID: 206E0
2:616  0:000  === [ LoadDrivers ] =======================================
2:627  0:011  Loading XhciDxe-64.efi  status=Success
2:627  0:000   - driver needs connecting
2:627  0:000  Loading FSInject-64.efi  status=Success
2:627  0:000  Loading ApfsDriverLoader-64.efi  status=Success
2:627  0:000   - driver needs connecting
2:627  0:000  Loading SMCHelper-64.efi  status=Success
2:628  0:000  Loading AudioDxe-64.efi  status=Success
2:638  0:010   - driver needs connecting
2:638  0:000  3 drivers needs connecting ...
2:638  0:000  PlatformDriverOverrideProtocol->GetDriver overriden
2:638  0:000  APFS driver loaded
5:746  3:108  === [ InitScreen ] ========================================
5:746  0:000  Console modes reported: 4, available modes:
5:746  0:000   - [01]: 80x25
5:746  0:000   - [03]: 100x31
5:746  0:000   - [04]: 128x40 (current mode)
5:746  0:000  SetScreenResolution: 1680x1050 - setting Mode 6
5:746  0:000  BV new mode: 6 1680x1050
6:229  0:483  Video mode change to mode #6: Success
6:508  0:279  SetScreenResolution: 1680x1050 - already set
6:508  0:000  reinit: self device path=PcieRoot(0x0)\Pci(0x1F,0x2)\Sata(0x1,0x0,0x0)\HD(1,GPT,7C4C844B-277E-4616-B49A-8B671F5E00A1,0x28,0x64000)
6:509  0:000  Using embedded font: Success
6:511  0:002  === [ GetMacAddress ] =====================================
6:511  0:000   get legacy LAN MAC, 1 card found
6:511  0:000  Legacy MAC address of LAN #0= AC:B8:00:00:10:4C:
6:511  0:000  === [ ScanSPD ] ===========================================
6:512  0:000  Scanning SMBus [8086:3A30], mmio: 0xF7FFB004, ioport: 0xECE0, hostc: 0x1
6:530  0:018  Slot: 2 Type 24 4096MB 1600MHz Vendor=G Skill Intl PartNo=F3-1600C9-4GAB SerialNo=0000000000000000
6:548  0:018  Slot: 4 Type 24 4096MB 1600MHz Vendor=G Skill Intl PartNo=F3-1600C9-4GAB SerialNo=0000000000000000
6:548  0:000  === [ GetAcpiTablesList ] =================================
6:554  0:005  Get Acpi Tables List from RSDT:
6:554  0:000   - [00]: FACP  B10K    len=116
6:554  0:000   - [01]: SSDT  st_ex len=156
6:554  0:000   - [02]: BOOT  B10K    len=40
6:554  0:000   - [03]: ASF!  B10K    len=150
6:554  0:000   - [04]: MCFG  B10K    len=60
6:554  0:000   - [05]: HPET  B10K    len=56
6:554  0:000   - [06]: ____  B10K    len=48
6:554  0:000   - [07]: TCPA  B10K    len=50
6:554  0:000   - [08]: APIC  B10K    len=350
6:554  0:000   - [09]: SLIC  B10K    len=374
6:554  0:000   - [10]: SSDT  PPM RCM  len=2804
6:554  0:000  Calibrated TSC Frequency = 2800099311 = 2800MHz
6:555  0:000  === [ GetUserSettings ] ===================================
6:555  0:000  USB FixOwnership: yes
6:555  0:000   - final DSDT Fix mask=00028000
6:555  0:000  EnableC6: yes
6:555  0:000  EnableC4: yes
6:555  0:000  EnableC2: yes
6:555  0:000  Using ProductName from config: MacPro5,1
6:555  0:000  Using latest BiosVersion from clover
6:555  0:000  BiosVersion: MP51.88Z.F000.B00.1812191621
6:555  0:000  BiosReleaseDate: 12/19/18
6:555  0:000  Using EfiVersion from config: 140.0.0.0.0
6:555  0:000  Using FirmwareFeatures from config: 0xE80FE137
6:555  0:000  Using FirmwareFeaturesMask from config: 0xFF1FFF3F
6:555  0:000  Board-ID set from config as Mac-F221BEC8
6:555  0:000  BoardType: 0xB
6:555  0:000  ChassisType: 0x7
6:555  0:000  Converted CustomUUID 24233D76-8355-5C6C-866A-84A42FF1DABF
6:556  0:000  === [ Found DSDT tables ] =================================
6:764  0:208  === [ ScanVolumes ] =======================================
6:764  0:000  Found 7 volumes with blockIO
6:764  0:000  - [00]: Volume: PcieRoot(0x0)\Pci(0x1F,0x2)\Sata(0x1,0x0,0x0)
6:778  0:014          Result of bootcode detection: bootable unknown (legacy)
6:778  0:000  - [01]: Volume: PcieRoot(0x0)\Pci(0x1F,0x2)\Sata(0x1,0x0,0x0)\HD(1,GPT,7C4C844B-277E-4616-B49A-8B671F5E00A1,0x28,0x64000)
6:779  0:000          Result of bootcode detection: bootable unknown (legacy)
6:779  0:000          This is SelfVolume !!
6:779  0:000  - [02]: Volume: PcieRoot(0x0)\Pci(0x1F,0x2)\Sata(0x1,0x0,0x0)\HD(2,GPT,FF6C7106-CF2A-4E5B-AA21-69ECC8619DD1,0x64028,0x94AB860)
6:787  0:007          Result of bootcode detection: bootable unknown (legacy)
6:787  0:000  - [03]: Volume: PcieRoot(0x0)\Pci(0x1F,0x2)\Sata(0x1,0x0,0x0)\HD(2,GPT,FF6C7106-CF2A-4E5B-AA21-69ECC8619DD1,0x64028,0x94AB860)\VenMedia(BE74FCF7-0B7C-49F3-9147-01F4042E6842,B29C250F3B795E46B8990B61C600F143)
6:787  0:000  - [04]: Volume: PcieRoot(0x0)\Pci(0x1F,0x2)\Sata(0x1,0x0,0x0)\HD(2,GPT,FF6C7106-CF2A-4E5B-AA21-69ECC8619DD1,0x64028,0x94AB860)\VenMedia(BE74FCF7-0B7C-49F3-9147-01F4042E6842,56032BAB9791FA4AAE12D957540D46DF)
6:787  0:000  - [05]: Volume: PcieRoot(0x0)\Pci(0x1F,0x2)\Sata(0x1,0x0,0x0)\HD(2,GPT,FF6C7106-CF2A-4E5B-AA21-69ECC8619DD1,0x64028,0x94AB860)\VenMedia(BE74FCF7-0B7C-49F3-9147-01F4042E6842,13F2FB298A6DE548BFE873F0EA26B007)
6:787  0:000  - [06]: Volume: PcieRoot(0x0)\Pci(0x1F,0x2)\Sata(0x1,0x0,0x0)\HD(2,GPT,FF6C7106-CF2A-4E5B-AA21-69ECC8619DD1,0x64028,0x94AB860)\VenMedia(BE74FCF7-0B7C-49F3-9147-01F4042E6842,5C26B70E8CF4AB419F8DEAA2BCF3D5AA)
6:788  0:000  Loading nvram.plist from Vol 'EFI' - loaded, size=2034
6:797  0:009  === [ PutNvramPlistToRtVars ] =============================
6:797  0:000   Adding Key: EFILoginHiDPI: Size = 4, Data: 00 00 00 00 
6:797  0:000   Adding Key: csr-active-config: Size = 4, Data: 67 00 00 00 
6:797  0:000   Adding Key: efi-boot-device: Size = 216, Data: 3C 61 72 72 61 79 3E 3C 64 69 63 74 3E 3C 6B 65 79 3E 49 4F 4D 61 74 63 68 3C 2F 6B 65 79 3E 3C 64 69 63 74 3E 3C 6B 65 79 3E 49 4F 50 72 6F 76 69 64 65 72 43 6C 61 73 73 3C 2F 6B 65 79 3E 3C 73 74 72 69 6E 67 3E 49 4F 4D 65 64 69 61 3C 2F 73 74 72 69 6E 67 3E 3C 6B 65 79 3E 49 4F 50 72 6F 70 65 72 74 79 4D 61 74 63 68 3C 2F 6B 65 79 3E 3C 64 69 63 74 3E 3C 6B 65 79 3E 55 55 49 44 3C 2F 6B 65 79 3E 3C 73 74 72 69 6E 67 3E 46 46 36 43 37 31 30 36 2D 43 46 32 41 2D 34 45 35 42 2D 41 41 32 31 2D 36 39 45 43 43 38 36 31 39 44 44 31 3C 2F 73 74 72 69 6E 67 3E 3C 2F 64 69 63 74 3E 3C 2F 64 69 63 74 3E 3C 2F 64 69 63 74 3E 3C 2F 61 72 72 61 79 3E 
6:797  0:000   Adding Key: efi-boot-device-data: Size = 110, Data: 02 01 0C 00 D0 41 08 0A 00 00 00 00 01 01 06 00 02 1F 03 12 0A 00 01 00 00 00 00 00 04 01 2A 00 02 00 00 00 28 40 06 00 00 00 00 00 60 B8 4A 09 00 00 00 00 06 71 6C FF 2A CF 5B 4E AA 21 69 EC C8 61 9D D1 02 02 04 03 24 00 F7 FC 74 BE 7C 0B F3 49 91 47 01 F4 04 2E 68 42 56 03 2B AB 97 91 FA 4A AE 12 D9 57 54 0D 46 DF 7F FF 04 00 
6:797  0:000   Adding Key: fakesmc-key-#KEY-ui32: Size = 4, Data: 00 00 00 10 
6:797  0:000   Adding Key: fakesmc-key-$Adr-ui32: Size = 4, Data: 00 00 03 00 
6:797  0:000   Adding Key: fakesmc-key-$Num-ui8: Size = 1, Data: 01 
6:797  0:000   Adding Key: fakesmc-key-BATP-flag: Size = 1, Data: 00 
6:797  0:000   Adding Key: fakesmc-key-BEMB-flag: Size = 1, Data: 00 
6:797  0:000   Adding Key: fakesmc-key-BNum-ui8: Size = 1, Data: 00 
6:797  0:000   Adding Key: fakesmc-key-EPCI-ui32: Size = 4, Data: 02 C0 07 00 
6:797  0:000   Adding Key: fakesmc-key-MSAc-ui16: Size = 2, Data: 00 00 
6:797  0:000   Adding Key: fakesmc-key-MSFW-ui8: Size = 2, Data: 01 00 
6:797  0:000   Adding Key: fakesmc-key-MSPS-ui16: Size = 2, Data: 00 03 
6:797  0:000   Adding Key: fakesmc-key-MSTc-ui8: Size = 1, Data: 00 
6:797  0:000   Adding Key: fakesmc-key-MSWr-ui8: Size = 1, Data: 00 
6:797  0:000   Adding Key: fakesmc-key-RBr -ch8*: Size = 8, Data: 6B 35 00 66 00 00 00 00 
6:797  0:000   Adding Key: fakesmc-key-REV -ch8*: Size = 6, Data: 01 39 0F 00 00 11 
6:797  0:000   Adding Key: fakesmc-key-RMde-char: Size = 1, Data: 41 
6:797  0:000   Adding Key: fakesmc-key-RPlt-ch8*: Size = 8, Data: 6B 35 00 66 00 00 00 00 
6:797  0:000   Adding Key: flagstate: Size = 32, Data: 00 00 00 00 00 00 00 00 00 00 00 00 00 00 00 00 00 00 00 00 00 00 00 00 00 00 00 00 00 00 00 00 
6:797  0:000   Adding Key: fmm-computer-name: Size = 16, Data: 4D 61 63 44 65 6C 6C E2 80 99 73 20 69 4D 61 63 
6:797  0:000   Adding Key: nvda_drv: Size = 2, Data: 31 00 
6:797  0:000   Adding Key: security-mode: String: Size = 4, Val = 'none'
6:797  0:000  found 1 handles with audio
6:797  0:000  No AudioIoDevice stored
6:797  0:000  no stored audio parameters
6:797  0:000  === [ InitTheme ] =========================================
6:797  0:000  use daylight theme
6:797  0:000   using embedded theme
6:797  0:000  got embedded sound
6:797  0:000    Channels: 2  Sample rate: 8000 Hz  Bits: 16
6:797  0:000  output to channel 0 with volume 70, len=25600
6:797  0:000   sound channels=2 bits=16 freq=8000
6:798  0:000  sound converted to 48kHz
6:798  0:000  not found AudioIo to play
6:798  0:000  sound play end with status=DFB0E3B4
6:798  0:000  Using embedded font: Success
6:798  0:000  theme inited
6:798  0:000  Chosen embedded theme
6:798  0:000  after NVRAM boot-args=-v dart=0 keepsyms=1 debug=0x100 nv_disable=1
6:798  0:000  === [ Dump SMC keys from NVRAM ] ==========================
6:798  0:000  found AppleSMC protocol
6:799  0:000  Registered 16 SMC keys
6:799  0:000  === [ ScanLoader ] ========================================
6:799  0:000  - [01]: 'EFI'
6:837  0:038          AddLoaderEntry for Volume Name=EFI
6:837  0:000          skipped because entry is hidden
6:837  0:000  - [03]: 'Preboot'
6:876  0:038          AddLoaderEntry for Volume Name=Preboot
6:897  0:020      Check if volume Is Hibernated:
6:897  0:000      Check sleep image 'by signature':
6:897  0:000      using default sleep image name = \private\var\vm\sleepimage
6:897  0:000      sleepimage not found -> Not Found
6:897  0:000      hibernated: no - sign
6:899  0:001          AddLoaderEntry for Volume Name=Preboot
6:922  0:022  - [04]: 'HighSierraHDD'
7:215  0:293          AddLoaderEntry for Volume Name=HighSierraHDD
7:308  0:092      Check if volume Is Hibernated:
7:308  0:000      Check sleep image 'by signature':
7:471  0:163      read prefs \Library\Preferences\com.apple.PowerManagement.plist status=Success
7:471  0:000      using default sleep image name = \private\var\vm\sleepimage
7:580  0:108      sleepimage not found -> Not Found
7:580  0:000      hibernated: no - sign
7:589  0:008  - [05]: 'Recovery'
7:604  0:015          AddLoaderEntry for Volume Name=Recovery
7:627  0:022  - [06]: 'VM'
7:627  0:000  Scanning legacy ...
7:627  0:000  === [ AddCustomTool ] =====================================
7:627  0:000  found tool \EFI\CLOVER\tools\Shell64U.efi
7:627  0:000  Checking EFI partition Volume 1 for Clover
7:627  0:000   Found Clover
7:629  0:001  === [ GetEfiBootDeviceFromNvram ] =========================
7:629  0:000   - efi-boot-device-data: PcieRoot(0x0)\Pci(0x1F,0x2)\Sata(0x1,0x0,0x0)\HD(2,GPT,FF6C7106-CF2A-4E5B-AA21-69ECC8619DD1,0x64028,0x94AB860)\VenMedia(BE74FCF7-0B7C-49F3-9147-01F4042E6842,56032BAB9791FA4AAE12D957540D46DF)
7:629  0:000    - Volume: 'PcieRoot(0x0)\Pci(0x1F,0x2)\Sata(0x1,0x0,0x0)\HD(2,GPT,FF6C7106-CF2A-4E5B-AA21-69ECC8619DD1,0x64028,0x94AB860)\VenMedia(BE74FCF7-0B7C-49F3-9147-01F4042E6842,56032BAB9791FA4AAE12D957540D46DF)'
7:629  0:000    - LoaderPath: '<null string>'
7:629  0:000    - Guid = FF6C7106-CF2A-4E5B-AA21-69ECC8619DD1
7:629  0:000  === [ FindStartupDiskVolume ] =============================
7:629  0:000    - Volume: partition = PcieRoot(0x0)\Pci(0x1F,0x2)\Sata(0x1,0x0,0x0)\HD(2,GPT,FF6C7106-CF2A-4E5B-AA21-69ECC8619DD1,0x64028,0x94AB860)\VenMedia(BE74FCF7-0B7C-49F3-9147-01F4042E6842,56032BAB9791FA4AAE12D957540D46DF)
7:629  0:000     - searching for that partition
7:629  0:000      - found entry 2. 'Boot macOS from HighSierraHDD', Volume 'HighSierraHDD'
7:629  0:000  Boot redirected to Entry 2. 'Boot macOS from HighSierraHDD'
7:629  0:000  DefaultIndex=2 and MainMenu.EntryCount=10
7:955  0:326  GUI ready
15:615  7:660  BootVariable of the entry is empty
15:615  0:000  === [ StartLoader ] =======================================
15:615  0:000  Finally: ExternalClock=134MHz BusSpeed=133339kHz CPUFreq=2800MHz QPI: hw.busfrequency=6666000000Hz
15:615  0:000  Loading boot.efi  status=Success
15:923  0:307  GetOSVersion: 10.13.6 (17G5019)
15:923  0:000  CSR_CFG: CSR_ALLOW_UNTRUSTED_KEXTS | CSR_ALLOW_UNRESTRICTED_FS | CSR_ALLOW_TASK_FOR_PID | CSR_ALLOW_UNRESTRICTED_DTRACE | CSR_ALLOW_UNRESTRICTED_NVRAM
15:923  0:000  Will not patch boot.efi
15:923  0:000  === [ PatchSmbios ] =======================================
15:923  0:000  insert table 9 for dev 0:0
15:923  0:000  insert table 9 for dev 0:0
15:924  0:000  Not trusting SMBIOS because it's being sneaky...
15:924  0:000  Detected alternating SMBIOS channel banks
15:924  0:000  Channels: 1
15:924  0:000  Interleave: 0 1 2 3 4 5 6 7 8 9 10 11 12 13 14 15 16 17 18 19 20 21 22 23
15:924  0:000  SMBIOS Type 17 Index = 0 => 0 0:
15:924  0:000   DIMM1 EMPTY
15:924  0:000  SMBIOS Type 17 Index = 1 => 1 1:
15:924  0:000   DIMM2 EMPTY
15:924  0:000  SMBIOS Type 17 Index = 2 => 2 2:
15:924  0:000   DIMM3 1600MHz 4096MB
15:924  0:000  SMBIOS Type 17 Index = 3 => 3 3:
15:924  0:000   DIMM4 EMPTY
15:924  0:000  SMBIOS Type 17 Index = 4 => 4 4:
15:924  0:000   DIMM5 1600MHz 4096MB
15:924  0:000  mTotalSystemMemory = 8192
15:924  0:000  NumberOfMemoryDevices = 5
15:924  0:000  === [ PatchACPI ] =========================================
15:924  0:000  Xsdt reallocation done
15:924  0:000  old FADT length=F4
15:924  0:000   SignatureFixup: 0x0 -> 0x0
16:007  0:083  Apply DsdtFixMask=0x00028000
16:007  0:000     drop _DSM mask=0x0008
16:007  0:000  === [ FixBiosDsdt ] =======================================
16:007  0:000    0 replacements
16:008  0:000  found RTC Length not match, Maybe will cause CMOS reset, will patch it.
16:008  0:000  found RTC had IRQNoFlag will move -3 bytes
16:008  0:000  Start Add Device HDEF
16:008  0:000  PreCleanup XSDT: count=11, length=124
16:008  0:000  PreCleanup XSDT, corrected XSDT: count=11, length=124
16:008  0:000  === [ ACPIDropTables ] ====================================
16:008  0:000  === [ DropSSDT ] ==========================================
16:008  0:000  Drop tables from XSDT, SIGN=SSDT TableID= Length=0
16:008  0:000   Table[1]: SSDT  st_ex  156 dropped
16:008  0:000   Table[10]: SSDT  PPM RCM   2804 dropped
16:008  0:000  Out of control with CPU numbers
16:008  0:000  CPUBase=1 and ApicCPUBase=1 ApicCPUNum=4
16:008  0:000  Cleanup XSDT: count=11, length=124
16:008  0:000  corrected XSDT count=9, length=108
16:008  0:000  === [ RestSetup macOS ] ===================================
16:008  0:000  EdidDiscovered size=0
16:008  0:000  mem_detected 1536Mb
16:008  0:000  read_nVidia_ROM
16:008  0:000  Using PRAMIN fixups
16:147  0:138  nVidia nVidia Quadro FX 4800  1536MB NVA0 [10DE:05FE] :: PcieRoot(0x0)\Pci(0x3,0x0)\Pci(0x0,0x0) => device #1
16:147  0:000  Nvidia: VideoPorts: undefined, default to: 2
16:147  0:000  set NVCAP: 04000000-00000300-0C000000-00000007-00000000
16:147  0:000   setting specified layout-id=11 (0xB)
16:147  0:000  stringlength = 4710
16:148  0:000  CurrentMode: Width=1680 Height=1050
16:148  0:000  Beginning FSInjection
FSInjectionInstall ...
- Our FSI_SIMPLE_FILE_SYSTEM_PROTOCOL installed on handle: DE12FD18
FSInjectionInstall ...
- Our FSI_SIMPLE_FILE_SYSTEM_PROTOCOL installed on handle: DE12FD18
16:148  0:000  Remap smbios table type 1 guid.
16:148  0:000  Preparing kexts injection for arch=x86_64 from EFI\CLOVER\kexts\Other
16:148  0:000  Extra kext: EFI\CLOVER\kexts\Other\FakeSMC.kext (v.1800)
16:178  0:030    |-- PlugIn kext: EFI\CLOVER\kexts\Other\FakeSMC.kext\Contents\PlugIns\FakeSMC_CPUSensors.kext (v.1800)
16:179  0:000    |-- PlugIn kext: EFI\CLOVER\kexts\Other\FakeSMC.kext\Contents\PlugIns\FakeSMC_GPUSensors.kext (v.1800)
16:189  0:009    |-- PlugIn kext: EFI\CLOVER\kexts\Other\FakeSMC.kext\Contents\PlugIns\FakeSMC_ACPISensors.kext (v.1800)
16:190  0:001    |-- PlugIn kext: EFI\CLOVER\kexts\Other\FakeSMC.kext\Contents\PlugIns\FakeSMC_LPCSensors.kext (v.1800)
16:200  0:009    |-- PlugIn kext: EFI\CLOVER\kexts\Other\FakeSMC.kext\Contents\PlugIns\FakeSMC_SMMSensors.kext (v.1800)
16:201  0:000  Extra kext: EFI\CLOVER\kexts\Other\USBInjectAll.kext (v.0.7.1)
16:251  0:049  Extra kext: EFI\CLOVER\kexts\Other\BCM5722D.kext (v.2.3.6)
16:258  0:007  Extra kext: EFI\CLOVER\kexts\Other\WhateverGreen.kext (v.1.2.6)
16:278  0:019  Extra kext: EFI\CLOVER\kexts\Other\IntelMausiEthernet.kext (v.2.4.1d1)
16:301  0:022  Extra kext: EFI\CLOVER\kexts\Other\VoodooHDA.kext (v.2.9.1)
16:320  0:018  Extra kext: EFI\CLOVER\kexts\Other\AppleALC.kext (v.1.3.5)
16:464  0:144  Extra kext: EFI\CLOVER\kexts\Other\Lilu.kext (v.1.3.4)
16:479  0:015  SetStartupDiskVolume:
16:479  0:000    * Volume: 'HighSierraHDD'
16:479  0:000    * LoaderPath: '<null string>'
16:479  0:000    * DevPath: HighSierraHDD
16:479  0:000    * GUID = FF6C7106-CF2A-4E5B-AA21-69ECC8619DD1
16:479  0:000    * efi-boot-device: <array><dict><key>IOMatch</key><dict><key>IOProviderClass</key><string>IOMedia</string><key>IOPropertyMatch</key><dict><key>UUID</key><string>FF6C7106-CF2A-4E5B-AA21-69ECC8619DD1</string></dict></dict></dict></array>
16:479  0:000  Custom boot screen not used because entry has unset use graphics
16:479  0:000  Closing log
